[2025-09-28 19:19:38] [INFO] [::1] Database connection established successfully
[2025-09-28 19:19:38] [INFO] [::1] User registered successfully: test@example.com
[2025-09-28 19:20:43] [INFO] [::1] Database connection established successfully
[2025-09-28 19:20:44] [INFO] [::1] User registered successfully: maulik.darji2005@gmail.com
[2025-09-28 19:20:56] [INFO] [::1] Database connection established successfully
[2025-09-28 19:20:56] [INFO] [::1] User registered successfully: test2@example.com
[2025-09-28 19:21:34] [INFO] [::1] Database connection established successfully
[2025-09-28 19:22:39] [INFO] [::1] Database connection established successfully
[2025-09-28 19:23:56] [INFO] [::1] Database connection established successfully
[2025-09-28 19:24:10] [INFO] [::1] Database connection established successfully
[2025-09-28 19:24:10] [INFO] [::1] User registered successfully: testfinal@example.com
[2025-09-28 19:25:29] [INFO] [::1] Database connection established successfully
[2025-09-28 19:25:29] [INFO] [::1] User registered successfully: testdisabled@example.com
[2025-09-28 19:25:54] [INFO] [::1] Database connection established successfully
[2025-09-28 19:27:24] [INFO] [::1] Database connection established successfully
[2025-09-28 19:27:52] [INFO] [::1] Database connection established successfully
[2025-09-28 19:28:45] [INFO] [::1] Database connection established successfully
[2025-09-28 19:28:46] [INFO] [::1] User registered successfully: maulik.darji2005@gmail.com
[2025-09-28 19:30:53] [INFO] [::1] Database connection established successfully
[2025-09-28 19:30:53] [INFO] [::1] User registered successfully: testbrowser@example.com
[2025-09-28 19:34:29] [INFO] [::1] Database connection established successfully
[2025-09-28 19:34:29] [INFO] [::1] User registered successfully: test@example.com
[2025-09-28 19:34:36] [INFO] [::1] Database connection established successfully
[2025-09-28 19:34:54] [INFO] [::1] Database connection established successfully
[2025-09-28 19:34:55] [INFO] [::1] User registered successfully: maulik.darji2005@gmail.com
[2025-09-28 19:35:38] [INFO] [::1] Database connection established successfully
[2025-09-28 19:35:38] [INFO] [::1] User registered successfully: test2@example.com
[2025-09-28 19:37:36] [INFO] [::1] Database connection established successfully
